c:\users\fko2247078\onedrive - ooharastudent\c言語\programming\課題（提出)\taskgame\taskgame\x64\debug\vc143.pdb
c:\users\fko2247078\onedrive - ooharastudent\c言語\programming\課題（提出)\taskgame\taskgame\x64\debug\vc143.idb
c:\users\fko2247078\onedrive - ooharastudent\c言語\programming\課題（提出)\taskgame\taskgame\x64\debug\stage6.obj
c:\users\fko2247078\onedrive - ooharastudent\c言語\programming\課題（提出)\taskgame\taskgame\x64\debug\stage5.obj
c:\users\fko2247078\onedrive - ooharastudent\c言語\programming\課題（提出)\taskgame\taskgame\x64\debug\stage4.obj
c:\users\fko2247078\onedrive - ooharastudent\c言語\programming\課題（提出)\taskgame\taskgame\x64\debug\stage3.obj
c:\users\fko2247078\onedrive - ooharastudent\c言語\programming\課題（提出)\taskgame\taskgame\x64\debug\stage2.obj
c:\users\fko2247078\onedrive - ooharastudent\c言語\programming\課題（提出)\taskgame\taskgame\x64\debug\stage10.obj
c:\users\fko2247078\onedrive - ooharastudent\c言語\programming\課題（提出)\taskgame\taskgame\x64\debug\stage1.obj
c:\users\fko2247078\onedrive - ooharastudent\c言語\programming\課題（提出)\taskgame\taskgame\x64\debug\soundsettingscene.obj
c:\users\fko2247078\onedrive - ooharastudent\c言語\programming\課題（提出)\taskgame\taskgame\x64\debug\soundmanager.obj
c:\users\fko2247078\onedrive - ooharastudent\c言語\programming\課題（提出)\taskgame\taskgame\x64\debug\scenetitle.obj
c:\users\fko2247078\onedrive - ooharastudent\c言語\programming\課題（提出)\taskgame\taskgame\x64\debug\sceneselect.obj
c:\users\fko2247078\onedrive - ooharastudent\c言語\programming\課題（提出)\taskgame\taskgame\x64\debug\scenepause.obj
c:\users\fko2247078\onedrive - ooharastudent\c言語\programming\課題（提出)\taskgame\taskgame\x64\debug\scenemanager.obj
c:\users\fko2247078\onedrive - ooharastudent\c言語\programming\課題（提出)\taskgame\taskgame\x64\debug\fieldinformation.obj
c:\users\fko2247078\onedrive - ooharastudent\c言語\programming\課題（提出)\taskgame\taskgame\x64\debug\main.obj
c:\users\fko2247078\onedrive - ooharastudent\c言語\programming\課題（提出)\taskgame\taskgame\x64\debug\field.obj
c:\users\fko2247078\onedrive - ooharastudent\c言語\programming\課題（提出)\taskgame\taskgame\x64\debug\mapchip.obj
c:\users\fko2247078\onedrive - ooharastudent\c言語\programming\課題（提出)\taskgame\taskgame\x64\debug\createeffect.obj
c:\users\fko2247078\onedrive - ooharastudent\c言語\programming\課題（提出)\taskgame\taskgame\x64\debug\cleareffect.obj
c:\users\fko2247078\onedrive - ooharastudent\c言語\programming\課題（提出)\taskgame\taskgame\x64\debug\gamemanager.obj
c:\users\fko2247078\onedrive - ooharastudent\c言語\programming\課題（提出)\taskgame\taskgame\x64\debug\vec2.obj
c:\users\fko2247078\onedrive - ooharastudent\c言語\programming\課題（提出)\taskgame\taskgame\x64\debug\scenemain.obj
c:\users\fko2247078\onedrive - ooharastudent\c言語\programming\課題（提出)\taskgame\taskgame\x64\debug\scenebase.obj
c:\users\fko2247078\onedrive - ooharastudent\c言語\programming\課題（提出)\taskgame\taskgame\x64\debug\player.obj
c:\users\fko2247078\onedrive - ooharastudent\c言語\programming\課題（提出)\taskgame\taskgame\x64\debug\pad.obj
c:\users\fko2247078\onedrive - ooharastudent\c言語\programming\課題（提出)\taskgame\taskgame\x64\debug\inputstate.obj
c:\users\fko2247078\onedrive - ooharastudent\c言語\programming\課題（提出)\taskgame\taskgame\x64\debug\stage9.obj
c:\users\fko2247078\onedrive - ooharastudent\c言語\programming\課題（提出)\taskgame\taskgame\x64\debug\stage8.obj
c:\users\fko2247078\onedrive - ooharastudent\c言語\programming\課題（提出)\taskgame\taskgame\x64\debug\stage7.obj
c:\users\fko2247078\onedrive - ooharastudent\c言語\programming\課題（提出)\taskgame\taskgame\x64\debug\taskgame.ilk
c:\users\fko2247078\onedrive - ooharastudent\c言語\programming\課題（提出)\taskgame\x64\debug\taskgame.exe
c:\users\fko2247078\onedrive - ooharastudent\c言語\programming\課題（提出)\taskgame\x64\debug\taskgame.pdb
c:\users\fko2247078\onedrive - ooharastudent\c言語\programming\課題（提出)\taskgame\taskgame\x64\debug\taskgame.res
c:\users\fko2247078\onedrive - ooharastudent\c言語\programming\課題（提出)\taskgame\taskgame\x64\debug\taskgame.tlog\cl.command.1.tlog
c:\users\fko2247078\onedrive - ooharastudent\c言語\programming\課題（提出)\taskgame\taskgame\x64\debug\taskgame.tlog\cl.read.1.tlog
c:\users\fko2247078\onedrive - ooharastudent\c言語\programming\課題（提出)\taskgame\taskgame\x64\debug\taskgame.tlog\cl.write.1.tlog
c:\users\fko2247078\onedrive - ooharastudent\c言語\programming\課題（提出)\taskgame\taskgame\x64\debug\taskgame.tlog\link.command.1.tlog
c:\users\fko2247078\onedrive - ooharastudent\c言語\programming\課題（提出)\taskgame\taskgame\x64\debug\taskgame.tlog\link.read.1.tlog
c:\users\fko2247078\onedrive - ooharastudent\c言語\programming\課題（提出)\taskgame\taskgame\x64\debug\taskgame.tlog\link.write.1.tlog
c:\users\fko2247078\onedrive - ooharastudent\c言語\programming\課題（提出)\taskgame\taskgame\x64\debug\taskgame.tlog\rc.command.1.tlog
c:\users\fko2247078\onedrive - ooharastudent\c言語\programming\課題（提出)\taskgame\taskgame\x64\debug\taskgame.tlog\rc.read.1.tlog
c:\users\fko2247078\onedrive - ooharastudent\c言語\programming\課題（提出)\taskgame\taskgame\x64\debug\taskgame.tlog\rc.write.1.tlog
